<?xml version="1.0" encoding="UTF-8"?>
<!-- Generated by org.testng.reporters.JUnitReportReporter -->
<testsuite skipped="0" hostname="SpicityL548" name="com.suntaragali.restapi.tests.PostAPITest" tests="1" failures="0" timestamp="19 Aug 2018 11:32:39 GMT" time="3.051" errors="0">
  <testcase name="postApiTest" time="3.051" classname="com.suntaragali.restapi.tests.PostAPITest"/>
</testsuite> <!-- com.suntaragali.restapi.tests.PostAPITest -->
