<?xml version="1.0" encoding="UTF-8"?>
<!-- Generated by org.testng.reporters.JUnitReportReporter -->
<testsuite skipped="1" hostname="SpicityL548" name="com.suntaragali.restapi.tests.GetApiTest" tests="2" failures="0" timestamp="19 Aug 2018 09:31:48 GMT" time="2.719" errors="0">
  <testcase name="getAPITestWithoutHeaders" time="2.719" classname="com.suntaragali.restapi.tests.GetApiTest"/>
  <testcase name="getAPITestWithHeaders" classname="com.suntaragali.restapi.tests.GetApiTest">
    <skipped/>
  </testcase> <!-- getAPITestWithHeaders -->
</testsuite> <!-- com.suntaragali.restapi.tests.GetApiTest -->
